0 info it worked if it ends with ok
1 verbose cli [ '/usr/bin/node', '/usr/bin/npm', 'run', 'eject' ]
2 info using npm@3.5.2
3 info using node@v8.10.0
4 verbose run-script [ 'preeject', 'eject', 'posteject' ]
5 info lifecycle semantic-poc@0.1.0~preeject: semantic-poc@0.1.0
6 silly lifecycle semantic-poc@0.1.0~preeject: no script for preeject, continuing
7 info lifecycle semantic-poc@0.1.0~eject: semantic-poc@0.1.0
8 verbose lifecycle semantic-poc@0.1.0~eject: unsafe-perm in lifecycle true
9 verbose lifecycle semantic-poc@0.1.0~eject: PATH: /usr/share/npm/bin/node-gyp-bin:/home/RohitReliable/react-semantic-ui/node_modules/.bin:/usr/local/sbin:/usr/local/bin:/usr/sbin:/usr/bin:/sbin:/bin:/usr/games:/usr/local/games:/snap/bin
10 verbose lifecycle semantic-poc@0.1.0~eject: CWD: /home/RohitReliable/react-semantic-ui
11 silly lifecycle semantic-poc@0.1.0~eject: Args: [ '-c', 'react-scripts eject' ]
12 info lifecycle semantic-poc@0.1.0~eject: Failed to exec eject script
13 verbose stack Error: semantic-poc@0.1.0 eject: `react-scripts eject`
13 verbose stack spawn ENOENT
13 verbose stack     at ChildProcess.<anonymous> (/usr/share/npm/lib/utils/spawn.js:17:16)
13 verbose stack     at emitTwo (events.js:126:13)
13 verbose stack     at ChildProcess.emit (events.js:214:7)
13 verbose stack     at maybeClose (internal/child_process.js:925:16)
13 verbose stack     at Process.ChildProcess._handle.onexit (internal/child_process.js:209:5)
14 verbose pkgid semantic-poc@0.1.0
15 verbose cwd /home/RohitReliable/react-semantic-ui
16 error Linux 4.15.0-47-generic
17 error argv "/usr/bin/node" "/usr/bin/npm" "run" "eject"
18 error node v8.10.0
19 error npm  v3.5.2
20 error file sh
21 error code ELIFECYCLE
22 error errno ENOENT
23 error syscall spawn
24 error semantic-poc@0.1.0 eject: `react-scripts eject`
24 error spawn ENOENT
25 error Failed at the semantic-poc@0.1.0 eject script 'react-scripts eject'.
25 error Make sure you have the latest version of node.js and npm installed.
25 error If you do, this is most likely a problem with the semantic-poc package,
25 error not with npm itself.
25 error Tell the author that this fails on your system:
25 error     react-scripts eject
25 error You can get information on how to open an issue for this project with:
25 error     npm bugs semantic-poc
25 error Or if that isn't available, you can get their info via:
25 error     npm owner ls semantic-poc
25 error There is likely additional logging output above.
26 verbose exit [ 1, true ]
